Using pre-set license
Built from '2020.3/staging' branch; Version is '2020.3.0f1 (c7b5465681fb) revision 13088070'; Using compiler version '192528614'; Build Type 'Release'
OS: 'Windows 10 Home; OS build 19043.1526; Version 2009; 64bit' Language: 'cs' Physical Memory: 16299 MB
BatchMode: 1, IsHumanControllingUs: 0, StartBugReporterOnCrash: 0, Is64bit: 1, IsPro: 0

 COMMAND LINE ARGUMENTS:
C:\Program Files\Unity\Hub\Editor\2020.3.0f1\Editor\Unity.exe
-adb2
-batchMode
-noUpm
-name
AssetImportWorker0
-projectPath
D:/UnityProjects/Operation Okapi
-logFile
Logs/AssetImportWorker0.log
-srvPort
52079
Successfully changed project path to: D:/UnityProjects/Operation Okapi
D:/UnityProjects/Operation Okapi
Using Asset Import Pipeline V2.
Refreshing native plugins compatible for Editor in 33.72 ms, found 1 plugins.
Preloading 0 native plugins for Editor in 0.00 ms.
Initialize engine version: 2020.3.0f1 (c7b5465681fb)
[Subsystems] Discovering subsystems at path C:/Program Files/Unity/Hub/Editor/2020.3.0f1/Editor/Data/Resources/UnitySubsystems
[Subsystems] Discovering subsystems at path D:/UnityProjects/Operation Okapi/Assets
GfxDevice: creating device client; threaded=0
Direct3D:
    Version:  Direct3D 11.0 [level 11.1]
    Renderer: Radeon(TM) RX 580 (ID=0x67df)
    Vendor:   
    VRAM:     8172 MB
    Driver:   26.20.14038.2009
Initialize mono
Mono path[0] = 'C:/Program Files/Unity/Hub/Editor/2020.3.0f1/Editor/Data/Managed'
Mono path[1] = 'C:/Program Files/Unity/Hub/Editor/2020.3.0f1/Editor/Data/MonoBleedingEdge/lib/mono/unityjit'
Mono config path = 'C:/Program Files/Unity/Hub/Editor/2020.3.0f1/Editor/Data/MonoBleedingEdge/etc'
Using monoOptions --debugger-agent=transport=dt_socket,embedding=1,server=y,suspend=n,address=127.0.0.1:56464
Begin MonoManager ReloadAssembly
Registering precompiled unity dll's ...
Register platform support module: C:/Program Files/Unity/Hub/Editor/2020.3.0f1/Editor/Data/PlaybackEngines/WebGLSupport/UnityEditor.WebGL.Extensions.dll
Register platform support module: C:/Program Files/Unity/Hub/Editor/2020.3.0f1/Editor/Data/PlaybackEngines/WindowsStandaloneSupport/UnityEditor.WindowsStandalone.Extensions.dll
Registered in 0.003320 seconds.
Native extension for WindowsStandalone target not found
Native extension for WebGL target not found
Refreshing native plugins compatible for Editor in 34.47 ms, found 1 plugins.
Preloading 0 native plugins for Editor in 0.00 ms.
Invoked RoslynAnalysisRunner static constructor.
RoslynAnalysisRunner will not be running.
RoslynAnalysisRunner has terminated.
Mono: successfully reloaded assembly
- Completed reload, in  1.507 seconds
Platform modules already initialized, skipping
Registering precompiled user dll's ...
Registered in 0.000735 seconds.
Begin MonoManager ReloadAssembly
Native extension for WindowsStandalone target not found
Native extension for WebGL target not found
Refreshing native plugins compatible for Editor in 35.35 ms, found 1 plugins.
Preloading 0 native plugins for Editor in 0.00 ms.
Invoked RoslynAnalysisRunner static constructor.
RoslynAnalysisRunner will not be running.
RoslynAnalysisRunner has terminated.
Mono: successfully reloaded assembly
- Completed reload, in  0.965 seconds
Platform modules already initialized, skipping
========================================================================
Worker process is ready to serve import requests
Launched and connected shader compiler UnityShaderCompiler.exe after 0.04 seconds
Refreshing native plugins compatible for Editor in 0.34 ms, found 1 plugins.
Preloading 0 native plugins for Editor in 0.00 ms.
Unloading 1806 Unused Serialized files (Serialized files now loaded: 0)
System memory in use before: 84.5 MB.
System memory in use after: 84.5 MB.

Unloading 24 unused Assets to reduce memory usage. Loaded Objects now: 2248.
Total: 2.073100 ms (FindLiveObjects: 0.214000 ms CreateObjectMapping: 0.052600 ms MarkObjects: 1.681600 ms  DeleteObjects: 0.123800 ms)

========================================================================
Received Import Request.
  path: Assets
  artifactKey: Guid(00000000000000001000000000000000) Importer(815301076,1909f56bfc062723c751e8b465ee728b)
Start importing Assets using Guid(00000000000000001000000000000000) Importer(815301076,1909f56bfc062723c751e8b465ee728b)  -> (artifact id: '42baae205c97e3337697759514652acd') in 0.029160 seconds
  Import took 0.057817 seconds .

========================================================================
Received Import Request.
  Time since last request: 1.860083 seconds.
  path: Assets/Sprites
  artifactKey: Guid(d9b258b1b0fffac45b535b7e6089d595) Importer(815301076,1909f56bfc062723c751e8b465ee728b)
Start importing Assets/Sprites using Guid(d9b258b1b0fffac45b535b7e6089d595) Importer(815301076,1909f56bfc062723c751e8b465ee728b)  -> (artifact id: '1cf83ce1a544812a223b6e5969a4a401') in 0.007012 seconds
  Import took 0.021718 seconds .

========================================================================
Received Import Request.
  Time since last request: 5.260894 seconds.
  path: Assets/Animation
  artifactKey: Guid(2268b66d4d0fd81499a470950250821a) Importer(815301076,1909f56bfc062723c751e8b465ee728b)
Start importing Assets/Animation using Guid(2268b66d4d0fd81499a470950250821a) Importer(815301076,1909f56bfc062723c751e8b465ee728b)  -> (artifact id: '0da0c761624bcd4bee34fa251e698f51') in 0.006950 seconds
  Import took 0.010318 seconds .

========================================================================
Received Import Request.
  Time since last request: 4.446631 seconds.
  path: Assets/NewBehaviourScript.cs
  artifactKey: Guid(7b8576965e34ef847b90c448194fb820) Importer(815301076,1909f56bfc062723c751e8b465ee728b)
Start importing Assets/NewBehaviourScript.cs using Guid(7b8576965e34ef847b90c448194fb820) Importer(815301076,1909f56bfc062723c751e8b465ee728b)  -> (artifact id: '5f4e50d6307c71f1302c37722e7c9711') in 0.041611 seconds
  Import took 0.066130 seconds .

========================================================================
Received Prepare
Registering precompiled user dll's ...
Registered in 0.000801 seconds.
Begin MonoManager ReloadAssembly
Native extension for WindowsStandalone target not found
Native extension for WebGL target not found
Refreshing native plugins compatible for Editor in 0.37 ms, found 1 plugins.
Preloading 0 native plugins for Editor in 0.00 ms.
Invoked RoslynAnalysisRunner static constructor.
RoslynAnalysisRunner will not be running.
RoslynAnalysisRunner has terminated.
Mono: successfully reloaded assembly
- Completed reload, in  0.868 seconds
Platform modules already initialized, skipping
Refreshing native plugins compatible for Editor in 0.34 ms, found 1 plugins.
Preloading 0 native plugins for Editor in 0.00 ms.
Unloading 1801 Unused Serialized files (Serialized files now loaded: 0)
System memory in use before: 84.5 MB.
System memory in use after: 84.5 MB.

Unloading 12 unused Assets to reduce memory usage. Loaded Objects now: 2252.
Total: 2.243900 ms (FindLiveObjects: 0.204900 ms CreateObjectMapping: 0.047700 ms MarkObjects: 1.870600 ms  DeleteObjects: 0.119600 ms)

========================================================================
Received Import Request.
  Time since last request: 10.441464 seconds.
  path: Assets/Scripts
  artifactKey: Guid(7f22f92c98a778844b1265c50e86c286) Importer(815301076,1909f56bfc062723c751e8b465ee728b)
Start importing Assets/Scripts using Guid(7f22f92c98a778844b1265c50e86c286) Importer(815301076,1909f56bfc062723c751e8b465ee728b)  -> (artifact id: 'cc0d9d15ff540d5dda8c692dbe4c2bdf') in 0.008502 seconds
  Import took 0.011691 seconds .

========================================================================
Received Import Request.
  Time since last request: 6.392490 seconds.
  path: Assets/Audio
  artifactKey: Guid(5377fa8aa3e02a642af6b6103683446c) Importer(815301076,1909f56bfc062723c751e8b465ee728b)
Start importing Assets/Audio using Guid(5377fa8aa3e02a642af6b6103683446c) Importer(815301076,1909f56bfc062723c751e8b465ee728b)  -> (artifact id: '2fe66a03c2574a1e5fa3d9c5c7b0ec48') in 0.005446 seconds
  Import took 0.008245 seconds .

AssetImportWorkerClient::OnTransportError - code=2 error=End of file
